,01/24/08,16:12:06,16:12:30,0:0:24,2,Fenêtre1,
,01/24/08,16:12:38,16:12:54,0:0:16,2,Fenêtre1,
,01/24/08,16:12:06,16:18:38,0:6:32,2,Fenêtre1,C:\Mes Projets\Test\Fenetre1.wdw
,01/24/08,16:12:00,16:18:38,0:6:38,7,Procedures globales de Test,C:\Mes Projets\Test\Procedures globales de Test.wdg
,01/24/08,16:10:36,16:18:38,0:8:2,1,Test,C:\Mes Projets\Test\Test.WDP
,01/24/08,16:28:37,16:29:08,0:0:31,2,Fenêtre1,C:\Mes Projets\Test\Fenetre1.wdw
,01/24/08,16:29:13,16:35:46,0:6:33,2,Fenêtre1,C:\Mes Projets\Test\Fenetre1.wdw
,01/24/08,16:19:00,16:46:02,0:27:2,7,Procedures globales de test,C:\Mes Projets\test\Procedures globales de test.wdg
,01/24/08,16:46:31,16:46:47,0:0:16,2,Fenêtre1,C:\Mes Projets\Test\Fenetre1.wdw
,01/24/08,16:52:39,16:52:54,0:0:15,2,Fenêtre1,C:\Mes Projets\Test\Fenetre1.wdw
,01/24/08,16:54:25,16:55:05,0:0:40,2,Fenêtre1,C:\Mes Projets\Test\Fenetre1.wdw
,01/24/08,17:09:42,17:10:50,0:1:8,2,Fenêtre1,C:\Mes Projets\Test\Fenetre1.wdw
,01/24/08,17:12:16,17:12:29,0:0:13,2,Fenêtre1,C:\Mes Projets\Test\Fenetre1.wdw
,01/24/08,17:12:53,17:13:43,0:0:50,2,Fenêtre1,C:\Mes Projets\Test\Fenetre1.wdw
,01/24/08,17:14:48,17:18:45,0:3:57,2,Fenêtre1,C:\Mes Projets\Test\Fenetre1.wdw
,01/24/08,17:24:04,17:24:45,0:0:41,2,Fenêtre1,C:\Mes Projets\Test\Fenetre1.wdw
,01/24/08,17:33:18,17:55:43,0:22:25,2,Fenêtre1,C:\Mes Projets\Test\Fenetre1.wdw
,01/24/08,18:03:03,18:07:18,0:4:15,2,Fenêtre1,C:\Mes Projets\Test\Fenetre1.wdw
,01/24/08,18:10:28,18:13:02,0:2:34,2,Fenêtre1,C:\Mes Projets\Test\Fenetre1.wdw
,01/24/08,16:19:03,18:29:30,2:10:27,2,Fenêtre1,C:\Mes Projets\Test\Fenetre1.wdw
,01/24/08,16:46:22,18:29:30,1:43:8,7,Procedures globales de test,C:\Mes Projets\test\Procedures globales de test.wdg
,01/24/08,16:18:42,18:29:31,2:10:49,1,test,C:\Mes Projets\test\test.WDP
,01/25/08,12:09:22,12:10:59,0:1:37,2,Fenêtre1,C:\Mes Projets\Test\Fenetre1.wdw
,01/25/08,12:09:21,12:10:59,0:1:38,7,Procedures globales de test,C:\Mes Projets\test\Procedures globales de test.wdg
,01/25/08,12:09:21,12:10:59,0:1:38,1,test,C:\Mes Projets\test\test.WDP
KF,09/23/08,12:13:46,12:14:35,0:0:49,2,Fenêtre1,C:\Mes Projets\Test\Fenetre1.wdw
KF,12/09/08,17:58:25,17:59:05,0:0:40,2,Fenêtre1,C:\Mes Projets\Test\Fenetre1.wdw
KF,12/09/08,17:59:54,18:00:42,0:0:48,2,Fenêtre1,C:\Mes Projets\Test\Fenetre1.wdw
KF,12/09/08,18:03:28,18:04:02,0:0:34,2,Fenêtre1,C:\Mes Projets\Test\Fenetre1.wdw
KF,12/09/08,18:11:32,18:12:57,0:1:25,2,Fenêtre1,C:\Mes Projets\Test\Fenetre1.wdw
KF,12/09/08,17:59:54,18:16:25,0:16:31,2,Fenêtre1,C:\Mes Projets\Test\Fenetre1.wdw
KF,12/09/08,17:59:54,18:16:25,0:16:31,7,Procedures globales de test,C:\Mes Projets\Test\Procedures globales de test.wdg
KF,12/09/08,17:59:54,18:16:25,0:16:31,1,Test,C:\Mes Projets\Test\Test.WDP
,12/09/08,20:23:16,20:26:14,0:2:58,2,Fenêtre1,C:\Mes Projets\Test\Fenetre1.wdw
,12/09/08,20:10:08,20:26:14,0:16:6,2,Fenêtre1,C:\Mes Projets\Test\Fenetre1.wdw
,12/09/08,20:10:07,20:26:14,0:16:7,7,Procedures globales de test,C:\Mes Projets\Test\Procedures globales de test.wdg
,12/09/08,20:10:03,20:26:14,0:16:11,1,Test,C:\Mes Projets\Test\Test.WDP
,12/09/08,20:32:33,21:05:50,0:33:17,2,Fenêtre1,C:\Mes Projets\Test\Fenetre1.wdw
,12/09/08,21:07:58,21:08:40,0:0:42,2,Fenêtre1,C:\Mes Projets\Test\Fenetre1.wdw
,12/09/08,21:09:03,21:10:04,0:1:1,2,Fenêtre1,C:\Mes Projets\Test\Fenetre1.wdw
,12/09/08,20:32:32,21:15:56,0:43:24,2,Fenêtre1,C:\Mes Projets\Test\Fenetre1.wdw
,12/09/08,20:32:32,21:15:56,0:43:24,7,Procedures globales de test,C:\Mes Projets\Test\Procedures globales de test.wdg
,12/09/08,20:32:32,21:15:56,0:43:24,1,Test,C:\Mes Projets\Test\Test.WDP
,12/09/08,21:22:49,21:25:01,0:2:12,2,FEN_Positionnement,C:\Mes Projets\Test\FEN_Positionnement.wdw
,12/09/08,21:25:41,21:26:03,0:0:22,2,FEN_Positionnement,C:\Mes Projets\Test\FEN_Positionnement.wdw
,12/09/08,21:26:09,21:26:48,0:0:39,1,Test,C:\Mes Projets\Test\Test.WDP
,12/09/08,21:26:48,21:27:41,0:0:53,2,FEN_Menu,C:\Mes Projets\Test\FEN_Menu.wdw
,12/09/08,21:27:43,21:37:39,0:9:56,2,FEN_Menu,C:\Mes Projets\Test\FEN_Menu.wdw
,12/09/08,21:37:39,21:38:53,0:1:14,1,Test,C:\Mes Projets\Test\Test.WDP
,12/09/08,21:38:53,21:41:08,0:2:15,2,FEN_Menu,C:\Mes Projets\Test\FEN_Menu.wdw
,12/09/08,21:41:18,21:45:04,0:3:46,2,FEN_Menu,C:\Mes Projets\Test\FEN_Menu.wdw
,12/09/08,21:46:55,21:55:31,0:8:36,2,FEN_Menu,C:\Mes Projets\Test\FEN_Menu.wdw
,12/09/08,21:58:23,21:59:23,0:1:0,2,FEN_Menu,C:\Mes Projets\Test\FEN_Menu.wdw
,12/09/08,22:02:12,22:09:03,0:6:51,2,FEN_Menu,C:\Mes Projets\Test\FEN_Menu.wdw
,12/09/08,22:46:20,22:46:46,0:0:26,2,FEN_Menu,C:\Mes Projets\Test\FEN_Menu.wdw
,12/09/08,22:51:49,22:53:04,0:1:15,2,FEN_Menu,C:\Mes Projets\Test\FEN_Menu.wdw
,12/09/08,22:59:29,22:59:53,0:0:24,2,FEN_Menu,C:\Mes Projets\Test\FEN_Menu.wdw
,12/09/08,23:15:09,23:15:33,0:0:24,2,FEN_Menu,C:\Mes Projets\Test\FEN_Menu.wdw
,12/09/08,23:18:46,23:19:01,0:0:15,2,FEN_Menu,C:\Mes Projets\Test\FEN_Menu.wdw
,12/09/08,23:29:43,23:29:57,0:0:14,2,FEN_Menu,C:\Mes Projets\Test\FEN_Menu.wdw
,12/09/08,23:33:07,23:33:30,0:0:23,2,FEN_Menu,C:\Mes Projets\Test\FEN_Menu.wdw
,12/09/08,23:33:32,23:35:24,0:1:52,2,FEN_Menu,C:\Mes Projets\Test\FEN_Menu.wdw
,12/09/08,23:35:24,23:38:56,0:3:32,2,Fen_Parametrage,C:\Mes Projets\Test\Fen_Parametrage.wdw
,12/09/08,23:38:56,23:41:01,0:2:5,2,FEN_Menu,C:\Mes Projets\Test\FEN_Menu.wdw
,12/09/08,23:41:01,23:43:17,0:2:16,2,FEN_Positionnement,C:\Mes Projets\Test\FEN_Positionnement.wdw
,12/09/08,23:43:18,23:43:31,0:0:13,2,Fen_Parametrage,C:\Mes Projets\Test\Fen_Parametrage.wdw
,12/09/08,23:43:31,23:45:58,0:2:27,2,FEN_Menu,C:\Mes Projets\Test\FEN_Menu.wdw
,12/09/08,23:46:23,23:51:50,0:5:27,2,FEN_Menu,C:\Mes Projets\Test\FEN_Menu.wdw
,12/09/08,21:26:47,23:51:50,2:25:3,2,FEN_Menu,C:\Mes Projets\Test\FEN_Menu.wdw
,12/09/08,23:35:24,23:51:50,0:16:26,2,Fen_Parametrage,C:\Mes Projets\Test\Fen_Parametrage.wdw
,12/09/08,21:21:40,23:51:50,2:30:10,2,FEN_Positionnement,C:\Mes Projets\Test\FEN_Positionnement.wdw
,12/09/08,21:21:40,23:51:50,2:30:10,7,Procedures globales de test,C:\Mes Projets\Test\Procedures globales de test.wdg
,12/09/08,21:21:37,23:51:50,2:30:13,1,Test,C:\Mes Projets\Test\Test.WDP
,12/10/08,20:34:55,22:21:37,1:46:42,2,FEN_Menu,C:\Mes Projets\Test\FEN_Menu.wdw
,12/10/08,20:34:54,22:21:37,1:46:43,2,FEN_Menu,C:\Mes Projets\Test\FEN_Menu.wdw
,12/10/08,20:34:54,22:21:37,1:46:43,2,Fen_Parametrage,C:\Mes Projets\Test\Fen_Parametrage.wdw
,12/10/08,20:34:53,22:21:37,1:46:44,2,FEN_Positionnement,C:\Mes Projets\Test\FEN_Positionnement.wdw
,12/10/08,20:34:53,22:21:37,1:46:44,7,Procedures globales de test,C:\Mes Projets\Test\Procedures globales de test.wdg
,12/10/08,20:34:52,22:21:37,1:46:45,1,Test,C:\Mes Projets\Test\Test.WDP
,12/11/08,20:14:18,20:46:51,0:32:33,2,FEN_Menu,C:\Mes Projets\Test\FEN_Menu.wdw
,12/11/08,20:46:51,20:52:35,0:5:44,2,Fenêtre1,
,12/11/08,20:52:35,20:53:07,0:0:32,1,Test,C:\Mes Projets\Test\Test.WDP
,12/11/08,20:53:07,21:25:18,0:32:11,2,FEN_Login,C:\Mes Projets\Test\FEN_Login.wdw
,12/11/08,21:25:18,21:52:40,0:27:22,2,FEN_Administration,C:\Mes Projets\Test\FEN_Administration.wdw
,12/11/08,21:52:46,21:56:44,0:3:58,2,FEN_Menu,C:\Mes Projets\Test\FEN_Menu.wdw
,12/11/08,20:14:18,21:56:44,1:42:26,2,FEN_Menu,C:\Mes Projets\Test\FEN_Menu.wdw
,12/11/08,20:14:18,21:56:44,1:42:26,2,Fen_Parametrage,C:\Mes Projets\Test\Fen_Parametrage.wdw
,12/11/08,20:46:51,21:56:44,1:9:53,2,FEN_Login,C:\Mes Projets\Test\FEN_Login.wdw
,12/11/08,21:25:18,21:56:44,0:31:26,2,FEN_Administration,C:\Mes Projets\Test\FEN_Administration.wdw
,12/11/08,20:14:17,21:56:44,1:42:27,2,FEN_Positionnement,C:\Mes Projets\Test\FEN_Positionnement.wdw
,12/11/08,20:14:17,21:56:44,1:42:27,7,Procedures globales de test,C:\Mes Projets\Test\Procedures globales de test.wdg
,12/11/08,20:14:17,21:56:44,1:42:27,1,Test,C:\Mes Projets\Test\Test.WDP
,12/11/08,21:58:22,22:06:27,0:8:5,1,Ascenssion,C:\Mes Projets\Ascenssion\Ascenssion.WDP
,12/11/08,23:13:29,23:14:34,0:1:5,1,Ascenssion,C:\Mes Projets\Ascenssion\Ascenssion.WDP
,12/11/08,23:14:34,23:19:25,0:4:51,2,FEN_Login,C:\Mes Projets\Ascenssion\FEN_Login.wdw
,12/11/08,23:33:38,23:34:16,0:0:38,2,FEN_Login,C:\Mes Projets\Ascenssion\FEN_Login.wdw
,12/11/08,23:10:53,23:49:12,0:38:19,2,FEN_Administration,C:\Mes Projets\Ascenssion\FEN_Administration.wdw
,12/11/08,23:14:34,23:49:12,0:34:38,2,FEN_Login,C:\Mes Projets\Ascenssion\FEN_Login.wdw
,12/11/08,21:58:22,23:49:12,1:50:50,7,Procedures globales de test,C:\Mes Projets\Ascenssion\Procedures globales de test.wdg
,12/11/08,23:30:02,23:49:12,0:19:10,4,C_Useur,C:\Mes Projets\Ascenssion\C_Useur.wdc
,12/11/08,21:58:18,23:49:12,1:50:54,1,Ascenssion,C:\Mes Projets\Ascenssion\Ascenssion.WDP
,12/12/08,19:20:09,23:01:30,3:41:21,2,FEN_Administration,C:\Mes Projets\Ascenssion\FEN_Administration.wdw
,12/12/08,19:20:09,23:01:30,3:41:21,2,FEN_Login,C:\Mes Projets\Ascenssion\FEN_Login.wdw
,12/12/08,19:20:09,23:01:30,3:41:21,4,C_Useur,C:\Mes Projets\Ascenssion\C_Useur.wdc
,12/12/08,19:20:09,23:01:30,3:41:21,4,C_Site,C:\Mes Projets\Ascenssion\C_Site.wdc
,12/12/08,19:20:09,23:01:30,3:41:21,7,Procedures globales de test,C:\Mes Projets\Ascenssion\Procedures globales de test.wdg
,12/12/08,19:20:08,23:01:31,3:41:23,1,Ascenssion,C:\Mes Projets\Ascenssion\Ascenssion.WDP
,03/01/09,20:35:59,20:36:09,0:0:10,2,FEN_Administration,C:\Mes Projets\Ascenssion\FEN_Administration.wdw
,03/01/09,20:36:13,20:39:17,0:3:4,2,FEN_Menu,C:\Mes Projets\Ascenssion\FEN_Menu.wdw
,03/01/09,20:39:17,20:40:26,0:1:9,2,FEN_Login,C:\Mes Projets\Ascenssion\FEN_Login.wdw
,03/01/09,20:40:26,21:51:25,1:10:59,2,FEN_Administration,C:\Mes Projets\Ascenssion\FEN_Administration.wdw
,03/01/09,21:51:25,21:51:48,0:0:23,1,Ascenssion,C:\Mes Projets\Ascenssion\Ascenssion.WDP
,03/01/09,21:51:48,21:53:07,0:1:19,2,FEN_Administration,C:\Mes Projets\Ascenssion\FEN_Administration.wdw
,03/01/09,21:56:20,21:57:21,0:1:1,2,FEN_Administration,C:\Mes Projets\Ascenssion\FEN_Administration.wdw
,03/01/09,21:58:47,22:08:06,0:9:19,2,FEN_Administration,C:\Mes Projets\Ascenssion\FEN_Administration.wdw
,03/01/09,22:10:41,22:12:36,0:1:55,2,FEN_Administration,C:\Mes Projets\Ascenssion\FEN_Administration.wdw
,03/01/09,22:12:36,22:14:13,0:1:37,5,Req_Liste_Site,C:\Mes Projets\Ascenssion\Requete\Req_Liste_Site.WDR
,03/01/09,22:14:17,22:14:43,0:0:26,2,FEN_Administration,C:\Mes Projets\Ascenssion\FEN_Administration.wdw
,03/01/09,22:15:37,22:17:00,0:1:23,2,FEN_Administration,C:\Mes Projets\Ascenssion\FEN_Administration.wdw
,03/01/09,22:24:37,22:26:14,0:1:37,2,FEN_Administration,C:\Mes Projets\Ascenssion\FEN_Administration.wdw
,03/01/09,22:26:14,22:27:53,0:1:39,5,Req_Liste_user,C:\Mes Projets\Ascenssion\Requete\Req_Liste_user.WDR
,03/01/09,20:36:12,22:30:32,1:54:20,2,FEN_Menu,C:\Mes Projets\Ascenssion\FEN_Menu.wdw
,03/01/09,20:19:42,22:30:32,2:10:50,2,FEN_Login,C:\Mes Projets\Ascenssion\FEN_Login.wdw
,03/01/09,20:19:43,22:30:32,2:10:49,4,C_Useur,C:\Mes Projets\Ascenssion\C_Useur.wdc
,03/01/09,20:19:43,22:30:32,2:10:49,4,C_Site,C:\Mes Projets\Ascenssion\C_Site.wdc
,03/01/09,20:44:08,22:30:32,1:46:24,5,FEN_Administration_1$Requête,(null)
,03/01/09,21:06:09,22:30:32,1:24:23,5,FEN_Administration_2$Requête,(null)
,03/01/09,20:19:43,22:30:32,2:10:49,2,FEN_Administration,C:\Mes Projets\Ascenssion\FEN_Administration.wdw
,03/01/09,20:19:42,22:30:32,2:10:50,7,Procedures globales de test,C:\Mes Projets\Ascenssion\Procedures globales de test.wdg
,03/01/09,22:12:17,22:30:32,0:18:15,5,Req_Liste_Site,C:\Mes Projets\Ascenssion\Requete\Req_Liste_Site.WDR
,03/01/09,22:26:00,22:30:32,0:4:32,5,Req_Liste_user,C:\Mes Projets\Ascenssion\Requete\Req_Liste_user.WDR
,03/01/09,20:19:40,22:30:33,2:10:53,1,Ascenssion,C:\Mes Projets\Ascenssion\Ascenssion.WDP
,04/07/09,19:52:43,19:52:59,0:0:16,2,FEN_Administration,C:\Mes Projets\Ascenssion\FEN_Administration.wdw
,04/07/09,19:48:57,19:55:46,0:6:49,4,C_Site,C:\Mes Projets\Ascenssion\C_Site.wdc
,04/07/09,19:53:01,19:55:49,0:2:48,2,FEN_Administration,C:\Mes Projets\Ascenssion\FEN_Administration.wdw
,04/07/09,19:48:59,20:15:42,0:26:43,2,FEN_Menu,C:\Mes Projets\Ascenssion\FEN_Menu.wdw
,04/07/09,19:48:57,20:15:42,0:26:45,2,FEN_Login,C:\Mes Projets\Ascenssion\FEN_Login.wdw
,04/07/09,19:48:57,20:15:42,0:26:45,4,C_Useur,C:\Mes Projets\Ascenssion\C_Useur.wdc
,04/07/09,19:48:58,20:15:42,0:26:44,5,FEN_Administration_1$Requête,(null)
,04/07/09,19:48:58,20:15:42,0:26:44,5,FEN_Administration_2$Requête,(null)
,04/07/09,19:48:57,20:15:42,0:26:45,2,FEN_Administration,C:\Mes Projets\Ascenssion\FEN_Administration.wdw
,04/07/09,19:48:57,20:15:42,0:26:45,7,Procedures globales de test,C:\Mes Projets\Ascenssion\Procedures globales de test.wdg
,04/07/09,19:55:47,20:15:42,0:19:55,4,C_Site,C:\Mes Projets\Ascenssion\C_Site.wdc
,04/07/09,19:48:58,20:15:42,0:26:44,5,Req_Liste_Site,C:\Mes Projets\Ascenssion\Requete\Req_Liste_Site.WDR
,04/07/09,19:48:54,20:15:42,0:26:48,1,Ascenssion,C:\Mes Projets\Ascenssion\Ascenssion.WDP
,04/25/09,14:01:37,14:03:37,0:2:0,2,FEN_Menu,C:\Mes Projets\Ascenssion\FEN_Menu.wdw
,04/25/09,14:01:35,14:03:37,0:2:2,2,FEN_Login,C:\Mes Projets\Ascenssion\FEN_Login.wdw
,04/25/09,14:01:35,14:03:37,0:2:2,4,C_Useur,C:\Mes Projets\Ascenssion\C_Useur.wdc
,04/25/09,14:01:37,14:03:37,0:2:0,5,FEN_Administration_1$Requête,(null)
,04/25/09,14:01:37,14:03:37,0:2:0,5,FEN_Administration_2$Requête,(null)
,04/25/09,14:01:36,14:03:37,0:2:1,2,FEN_Administration,C:\Mes Projets\Ascenssion\FEN_Administration.wdw
,04/25/09,14:01:36,14:03:37,0:2:1,4,C_Site,C:\Mes Projets\Ascenssion\C_Site.wdc
,04/25/09,14:01:35,14:03:37,0:2:2,7,Procedures globales de test,C:\Mes Projets\Ascenssion\Procedures globales de test.wdg
,04/25/09,14:01:36,14:03:37,0:2:1,5,Req_Liste_Site,C:\Mes Projets\Ascenssion\Requete\Req_Liste_Site.WDR
,04/25/09,14:01:33,14:03:38,0:2:5,1,Ascenssion,C:\Mes Projets\Ascenssion\Ascenssion.WDP
,04/25/09,14:13:55,14:36:34,0:22:39,2,FEN_Menu,C:\Mes Projets\Ascenssion\FEN_Menu.wdw
,04/25/09,14:13:54,14:36:34,0:22:40,2,FEN_Login,C:\Mes Projets\Ascenssion\FEN_Login.wdw
,04/25/09,14:13:54,14:36:34,0:22:40,4,C_Useur,C:\Mes Projets\Ascenssion\C_Useur.wdc
,04/25/09,14:13:55,14:36:34,0:22:39,5,FEN_Administration_1$Requête,(null)
,04/25/09,14:13:55,14:36:34,0:22:39,5,FEN_Administration_2$Requête,(null)
,04/25/09,14:13:54,14:36:34,0:22:40,2,FEN_Administration,C:\Mes Projets\Ascenssion\FEN_Administration.wdw
,04/25/09,14:13:54,14:36:34,0:22:40,4,C_Site,C:\Mes Projets\Ascenssion\C_Site.wdc
,04/25/09,14:13:54,14:36:34,0:22:40,7,Procedures globales de test,C:\Mes Projets\Ascenssion\Procedures globales de test.wdg
,04/25/09,14:13:54,14:36:34,0:22:40,5,Req_Liste_Site,C:\Mes Projets\Ascenssion\Requete\Req_Liste_Site.WDR
,04/25/09,14:13:53,14:36:34,0:22:41,1,Ascenssion,C:\Mes Projets\Ascenssion\Ascenssion.WDP
,07/09/09,20:05:11,20:07:58,0:2:47,2,FEN_Positionnement,C:\Mes Projets\Ascenssion\FEN_Positionnement.wdw
,07/09/09,20:10:57,20:16:38,0:5:41,2,FEN_Positionnement,C:\Mes Projets\Ascenssion\FEN_Positionnement.wdw
,07/09/09,20:17:03,20:17:33,0:0:30,2,FEN_Positionnement,C:\Mes Projets\Ascenssion\FEN_Positionnement.wdw
,07/09/09,21:44:57,21:45:13,0:0:16,2,FEN_Menu,C:\Mes Projets\Ascenssion\FEN_Menu.wdw
,07/09/09,21:45:13,21:45:23,0:0:10,2,FEN_Positionnement,C:\Mes Projets\Ascenssion\FEN_Positionnement.wdw
,07/09/09,21:45:23,21:45:39,0:0:16,2,FEN_Menu,C:\Mes Projets\Ascenssion\FEN_Menu.wdw
,07/09/09,21:45:39,21:46:34,0:0:55,2,FEN_Administration,C:\Mes Projets\Ascenssion\FEN_Administration.wdw
,07/09/09,20:04:52,22:03:54,1:59:2,4,C_Site,C:\Mes Projets\Ascenssion\C_Site.wdc
,07/09/09,21:49:59,22:03:58,0:13:59,2,Fen_Parametrage,C:\Mes Projets\Ascenssion\Fen_Parametrage.wdw
,07/09/09,22:11:32,22:11:53,0:0:21,2,Fen_Parametrage,C:\Mes Projets\Ascenssion\Fen_Parametrage.wdw
,07/09/09,22:11:53,22:12:18,0:0:25,1,Ascenssion,C:\Mes Projets\Ascenssion\Ascenssion.WDP
,07/09/09,22:12:18,22:13:25,0:1:7,2,Fen_Parametrage,C:\Mes Projets\Ascenssion\Fen_Parametrage.wdw
,07/09/09,22:17:10,22:31:33,0:14:23,2,FEN_Administration,C:\Mes Projets\Ascenssion\FEN_Administration.wdw
,07/09/09,22:31:33,22:34:42,0:3:9,2,Fen_Parametrage,C:\Mes Projets\Ascenssion\Fen_Parametrage.wdw
,07/09/09,22:34:46,22:37:46,0:3:0,2,FEN_Positionnement,C:\Mes Projets\Ascenssion\FEN_Positionnement.wdw
,07/09/09,22:38:32,22:43:27,0:4:55,2,FEN_Menu,C:\Mes Projets\Ascenssion\FEN_Menu.wdw
,07/09/09,22:43:35,22:44:31,0:0:56,2,FEN_Menu,C:\Mes Projets\Ascenssion\FEN_Menu.wdw
,07/09/09,22:44:39,22:47:42,0:3:3,2,FEN_Menu,C:\Mes Projets\Ascenssion\FEN_Menu.wdw
,07/09/09,22:47:42,22:48:06,0:0:24,2,Fen_APropos,C:\Mes Projets\Ascenssion\Fen_APropos.wdw
,07/09/09,22:48:10,22:48:20,0:0:10,2,Fen_APropos,C:\Mes Projets\Ascenssion\Fen_APropos.wdw
,07/09/09,22:48:25,22:52:41,0:4:16,2,Fen_APropos,C:\Mes Projets\Ascenssion\Fen_APropos.wdw
,07/09/09,22:53:06,22:57:47,0:4:41,2,FEN_Menu,C:\Mes Projets\Ascenssion\FEN_Menu.wdw
,07/09/09,22:58:15,22:59:41,0:1:26,2,FEN_Menu,C:\Mes Projets\Ascenssion\FEN_Menu.wdw
,07/09/09,22:59:51,23:03:27,0:3:36,2,FEN_Positionnement,C:\Mes Projets\Ascenssion\FEN_Positionnement.wdw
,07/09/09,22:47:42,23:04:06,0:16:24,2,Fen_APropos,C:\Mes Projets\Ascenssion\Fen_APropos.wdw
,07/09/09,23:04:13,23:09:49,0:5:36,2,FEN_Administration,C:\Mes Projets\Ascenssion\FEN_Administration.wdw
,07/09/09,23:10:33,23:11:07,0:0:34,2,FEN_Administration,C:\Mes Projets\Ascenssion\FEN_Administration.wdw
,07/09/09,23:11:47,23:12:22,0:0:35,2,FEN_Administration,C:\Mes Projets\Ascenssion\FEN_Administration.wdw
,07/09/09,23:13:12,23:15:21,0:2:9,2,FEN_Administration,C:\Mes Projets\Ascenssion\FEN_Administration.wdw
,07/09/09,23:22:47,23:23:04,0:0:17,2,Fen_Parametrage,C:\Mes Projets\Ascenssion\Fen_Parametrage.wdw
,07/09/09,23:23:04,23:27:54,0:4:50,2,Fen_APropos,C:\Mes Projets\Ascenssion\Fen_APropos.wdw
,07/09/09,23:28:54,23:50:05,0:21:11,2,Fen_APropos,C:\Mes Projets\Ascenssion\Fen_APropos.wdw
,07/09/09,23:23:04,23:50:05,0:27:1,2,Fen_APropos,C:\Mes Projets\Ascenssion\Fen_APropos.wdw
,07/09/09,20:04:51,23:50:05,3:45:14,2,FEN_Login,C:\Mes Projets\Ascenssion\FEN_Login.wdw
,07/09/09,20:04:52,23:50:05,3:45:13,4,C_Useur,C:\Mes Projets\Ascenssion\C_Useur.wdc
,07/09/09,20:04:53,23:50:05,3:45:12,5,FEN_Administration_1$Requête,(null)
,07/09/09,20:04:53,23:50:05,3:45:12,5,FEN_Administration_2$Requête,(null)
,07/09/09,20:04:52,23:50:05,3:45:13,2,FEN_Administration,C:\Mes Projets\Ascenssion\FEN_Administration.wdw
,07/09/09,21:49:59,23:50:05,2:0:6,2,Fen_Parametrage,C:\Mes Projets\Ascenssion\Fen_Parametrage.wdw
,07/09/09,20:05:11,23:50:05,3:44:54,2,FEN_Positionnement,C:\Mes Projets\Ascenssion\FEN_Positionnement.wdw
,07/09/09,20:04:53,23:50:05,3:45:12,2,FEN_Menu,C:\Mes Projets\Ascenssion\FEN_Menu.wdw
,07/09/09,20:04:51,23:50:05,3:45:14,7,Procedures globales de test,C:\Mes Projets\Ascenssion\Procedures globales de test.wdg
,07/09/09,22:03:54,23:50:05,1:46:11,4,C_Site,C:\Mes Projets\Ascenssion\C_Site.wdc
,07/09/09,20:04:52,23:50:05,3:45:13,5,Req_Liste_Site,C:\Mes Projets\Ascenssion\Requete\Req_Liste_Site.WDR
,07/09/09,20:04:52,23:50:05,3:45:13,5,Req_Liste_user,C:\Mes Projets\Ascenssion\Requete\Req_Liste_user.WDR
,07/09/09,20:04:50,23:50:06,3:45:16,1,Ascenssion,C:\Mes Projets\Ascenssion\Ascenssion.WDP
,07/10/09,20:46:13,23:42:37,2:56:24,2,Fen_APropos,C:\Mes Projets\Ascenssion\Fen_APropos.wdw
,07/10/09,23:42:39,01:36:44,1:54:5,2,FEN_Menu,C:\Mes Projets\Ascenssion\FEN_Menu.wdw
,07/10/09,20:46:11,01:36:45,4:50:34,2,Fen_APropos,C:\Mes Projets\Ascenssion\Fen_APropos.wdw
,07/10/09,20:46:10,01:36:45,4:50:35,2,FEN_Login,C:\Mes Projets\Ascenssion\FEN_Login.wdw
,07/10/09,20:46:10,01:36:45,4:50:35,4,C_Useur,C:\Mes Projets\Ascenssion\C_Useur.wdc
,07/10/09,20:46:10,01:36:45,4:50:35,5,FEN_Administration_1$Requête,(null)
,07/10/09,20:46:10,01:36:45,4:50:35,5,FEN_Administration_2$Requête,(null)
,07/10/09,20:46:10,01:36:45,4:50:35,2,FEN_Administration,C:\Mes Projets\Ascenssion\FEN_Administration.wdw
,07/10/09,20:46:10,01:36:45,4:50:35,4,C_Site,C:\Mes Projets\Ascenssion\C_Site.wdc
,07/10/09,20:46:10,01:36:45,4:50:35,2,Fen_Parametrage,C:\Mes Projets\Ascenssion\Fen_Parametrage.wdw
,07/10/09,20:46:10,01:36:45,4:50:35,2,FEN_Positionnement,C:\Mes Projets\Ascenssion\FEN_Positionnement.wdw
,07/10/09,20:46:10,01:36:45,4:50:35,2,FEN_Menu,C:\Mes Projets\Ascenssion\FEN_Menu.wdw
,07/10/09,20:46:09,01:36:45,4:50:36,7,Procedures globales de test,C:\Mes Projets\Ascenssion\Procedures globales de test.wdg
,07/10/09,20:46:10,01:36:45,4:50:35,5,Req_Liste_Site,C:\Mes Projets\Ascenssion\Requete\Req_Liste_Site.WDR
,07/10/09,20:46:10,01:36:45,4:50:35,5,Req_Liste_user,C:\Mes Projets\Ascenssion\Requete\Req_Liste_user.WDR
,07/10/09,20:46:08,01:36:45,4:50:37,1,Ascenssion,C:\Mes Projets\Ascenssion\Ascenssion.WDP
,07/18/09,12:12:13,12:13:03,0:0:50,2,FEN_Menu,C:\Mes Projets\Ascenssion\FEN_Menu.wdw
,07/18/09,12:13:04,12:14:48,0:1:44,2,FEN_Administration,C:\Mes Projets\Ascenssion\FEN_Administration.wdw
,07/18/09,12:12:10,12:26:47,0:14:37,5,Req_Liste_user,C:\Mes Projets\Ascenssion\Requete\Req_Liste_user.WDR
,07/18/09,12:26:47,12:27:31,0:0:44,2,FEN_Login,C:\Mes Projets\Ascenssion\FEN_Login.wdw
,07/18/09,12:12:09,12:27:47,0:15:38,4,C_Useur,C:\Mes Projets\Ascenssion\C_Useur.wdc
,07/18/09,12:12:09,12:27:54,0:15:45,2,FEN_Login,C:\Mes Projets\Ascenssion\FEN_Login.wdw
,07/18/09,12:27:56,12:28:06,0:0:10,2,FEN_Menu,C:\Mes Projets\Ascenssion\FEN_Menu.wdw
,07/18/09,12:28:37,12:54:29,0:25:52,2,FEN_Administration,C:\Mes Projets\Ascenssion\FEN_Administration.wdw
,07/18/09,12:54:31,12:55:17,0:0:46,2,FEN_Administration,C:\Mes Projets\Ascenssion\FEN_Administration.wdw
,07/18/09,12:55:17,15:11:54,2:16:37,2,FEN_Positionnement,C:\Mes Projets\Ascenssion\FEN_Positionnement.wdw
,07/18/09,15:11:55,15:17:17,0:5:22,2,FEN_Positionnement,C:\Mes Projets\Ascenssion\FEN_Positionnement.wdw
,07/18/09,15:17:17,15:21:13,0:3:56,2,Fen_Parametrage,C:\Mes Projets\Ascenssion\Fen_Parametrage.wdw
,07/18/09,15:21:20,15:22:17,0:0:57,2,Fen_Parametrage,C:\Mes Projets\Ascenssion\Fen_Parametrage.wdw
,07/18/09,15:25:39,19:46:00,4:20:21,2,FEN_Menu,C:\Mes Projets\Ascenssion\FEN_Menu.wdw
,07/18/09,19:46:00,19:46:54,0:0:54,2,FEN_Administration,C:\Mes Projets\Ascenssion\FEN_Administration.wdw
,07/18/09,19:46:54,19:52:03,0:5:9,2,FEN_Menu,C:\Mes Projets\Ascenssion\FEN_Menu.wdw
,07/18/09,19:52:03,19:53:26,0:1:23,2,FEN_Administration,C:\Mes Projets\Ascenssion\FEN_Administration.wdw
,07/18/09,19:53:30,19:56:25,0:2:55,2,FEN_Administration,C:\Mes Projets\Ascenssion\FEN_Administration.wdw
,07/18/09,20:05:33,20:07:18,0:1:45,2,FEN_Menu,C:\Mes Projets\Ascenssion\FEN_Menu.wdw
,07/18/09,20:07:18,20:07:39,0:0:21,2,FEN_Administration,C:\Mes Projets\Ascenssion\FEN_Administration.wdw
,07/18/09,20:14:06,20:15:27,0:1:21,2,FEN_Administration,C:\Mes Projets\Ascenssion\FEN_Administration.wdw
,07/18/09,20:15:29,20:16:07,0:0:38,2,FEN_Administration,C:\Mes Projets\Ascenssion\FEN_Administration.wdw
,07/18/09,20:16:10,20:16:25,0:0:15,2,FEN_Administration,C:\Mes Projets\Ascenssion\FEN_Administration.wdw
,07/18/09,20:16:29,20:27:56,0:11:27,2,FEN_Administration,C:\Mes Projets\Ascenssion\FEN_Administration.wdw
,07/18/09,20:29:36,20:46:16,0:16:40,2,FEN_Administration,C:\Mes Projets\Ascenssion\FEN_Administration.wdw
,07/18/09,20:46:16,20:47:01,0:0:45,2,FEN_Menu,C:\Mes Projets\Ascenssion\FEN_Menu.wdw
,07/18/09,20:47:01,20:48:06,0:1:5,2,FEN_Positionnement,C:\Mes Projets\Ascenssion\FEN_Positionnement.wdw
,07/18/09,20:49:44,20:49:55,0:0:11,1,Ascenssion,C:\Mes Projets\Ascenssion\Ascenssion.WDP
,07/18/09,20:58:23,20:58:49,0:0:26,2,Fen_Parametrage,C:\Mes Projets\Ascenssion\Fen_Parametrage.wdw
,07/18/09,12:12:10,21:07:44,8:55:34,4,C_Site,C:\Mes Projets\Ascenssion\C_Site.wdc
,07/18/09,23:26:40,23:29:46,0:3:6,2,FEN_Administration,C:\Mes Projets\Ascenssion\FEN_Administration.wdw
,07/19/09,01:08:30,01:08:53,0:0:23,2,FEN_Administration,C:\Mes Projets\Ascenssion\FEN_Administration.wdw
,07/19/09,01:11:51,01:21:18,0:9:27,2,FEN_Administration,C:\Mes Projets\Ascenssion\FEN_Administration.wdw
,07/19/09,01:23:01,01:29:45,0:6:44,2,FEN_Administration,C:\Mes Projets\Ascenssion\FEN_Administration.wdw
,07/18/09,12:12:10,01:29:52,13:17:42,2,Fen_Parametrage,C:\Mes Projets\Ascenssion\Fen_Parametrage.wdw
,07/18/09,12:12:12,01:29:52,13:17:40,2,Fen_APropos,C:\Mes Projets\Ascenssion\Fen_APropos.wdw
,07/18/09,12:12:10,01:29:52,13:17:42,2,FEN_Positionnement,C:\Mes Projets\Ascenssion\FEN_Positionnement.wdw
,07/18/09,12:12:10,01:29:52,13:17:42,2,FEN_Menu,C:\Mes Projets\Ascenssion\FEN_Menu.wdw
,07/18/09,12:12:10,01:29:52,13:17:42,5,FEN_Administration_1$Requête,(null)
,07/18/09,12:12:10,01:29:52,13:17:42,5,FEN_Administration_2$Requête,(null)
,07/18/09,12:12:09,01:29:52,13:17:43,2,FEN_Administration,C:\Mes Projets\Ascenssion\FEN_Administration.wdw
,07/18/09,12:12:09,01:29:52,13:17:43,7,Procedures globales de test,C:\Mes Projets\Ascenssion\Procedures globales de test.wdg
,07/18/09,21:07:44,01:29:52,4:22:8,4,C_Site,C:\Mes Projets\Ascenssion\C_Site.wdc
,07/18/09,12:12:08,01:29:52,13:17:44,1,Ascenssion,C:\Mes Projets\Ascenssion\Ascenssion.WDP
,07/19/09,19:01:38,19:02:09,0:0:31,1,Ascenssion,C:\Mes Projets\Ascenssion\Ascenssion.WDP
,07/19/09,19:02:09,19:06:57,0:4:48,2,FEN_Administration,C:\Mes Projets\Ascenssion\FEN_Administration.wdw
,07/19/09,19:06:59,00:03:02,4:56:3,2,FEN_Menu,C:\Mes Projets\Ascenssion\FEN_Menu.wdw
,07/20/09,00:03:02,00:03:42,0:0:40,2,FEN_Positionnement,C:\Mes Projets\Ascenssion\FEN_Positionnement.wdw
,07/19/09,19:01:37,00:11:12,5:9:35,2,Fen_Parametrage,C:\Mes Projets\Ascenssion\Fen_Parametrage.wdw
,07/19/09,19:01:37,00:11:12,5:9:35,2,Fen_APropos,C:\Mes Projets\Ascenssion\Fen_APropos.wdw
,07/19/09,19:01:35,00:11:12,5:9:37,2,FEN_Positionnement,C:\Mes Projets\Ascenssion\FEN_Positionnement.wdw
,07/19/09,19:01:35,00:11:12,5:9:37,2,FEN_Menu,C:\Mes Projets\Ascenssion\FEN_Menu.wdw
,07/19/09,19:01:35,00:11:12,5:9:37,4,C_Site,C:\Mes Projets\Ascenssion\C_Site.wdc
,07/19/09,19:01:36,00:11:12,5:9:36,5,FEN_Administration_1$Requête,(null)
,07/19/09,19:01:36,00:11:12,5:9:36,5,FEN_Administration_2$Requête,(null)
,07/19/09,19:01:35,00:11:12,5:9:37,2,FEN_Administration,C:\Mes Projets\Ascenssion\FEN_Administration.wdw
,07/19/09,19:01:35,00:11:12,5:9:37,7,Procedures globales de test,C:\Mes Projets\Ascenssion\Procedures globales de test.wdg
,07/19/09,19:01:34,00:11:12,5:9:38,1,Ascenssion,C:\Mes Projets\Ascenssion\Ascenssion.WDP
,07/20/09,20:29:32,21:13:11,0:43:39,2,Fen_Parametrage,C:\Mes Projets\Ascenssion\Fen_Parametrage.wdw
,07/20/09,20:29:32,21:13:11,0:43:39,2,Fen_APropos,C:\Mes Projets\Ascenssion\Fen_APropos.wdw
,07/20/09,20:29:30,21:13:11,0:43:41,2,FEN_Positionnement,C:\Mes Projets\Ascenssion\FEN_Positionnement.wdw
,07/20/09,20:29:30,21:13:11,0:43:41,2,FEN_Menu,C:\Mes Projets\Ascenssion\FEN_Menu.wdw
,07/20/09,20:29:31,21:13:11,0:43:40,4,C_Site,C:\Mes Projets\Ascenssion\C_Site.wdc
,07/20/09,20:29:31,21:13:11,0:43:40,5,FEN_Administration_1$Requête,(null)
,07/20/09,20:29:31,21:13:11,0:43:40,5,FEN_Administration_2$Requête,(null)
,07/20/09,20:29:31,21:13:11,0:43:40,2,FEN_Administration,C:\Mes Projets\Ascenssion\FEN_Administration.wdw
,07/20/09,20:29:30,21:13:11,0:43:41,7,Procedures globales de test,C:\Mes Projets\Ascenssion\Procedures globales de test.wdg
,07/20/09,20:29:29,21:13:11,0:43:42,1,Ascenssion,C:\Mes Projets\Ascenssion\Ascenssion.WDP
,07/21/09,20:05:09,21:16:16,1:11:7,2,FEN_Positionnement,C:\Mes Projets\Ascenssion\FEN_Positionnement.wdw
,07/21/09,21:23:47,21:27:23,0:3:36,2,FEN_Meta,C:\Mes Projets\Ascenssion\FEN_Meta.wdw
,07/21/09,21:27:23,21:28:03,0:0:40,2,Fen_Parametrage,C:\Mes Projets\Ascenssion\Fen_Parametrage.wdw
,07/21/09,21:28:03,21:28:41,0:0:38,2,FEN_Meta,C:\Mes Projets\Ascenssion\FEN_Meta.wdw
,07/21/09,21:28:44,21:29:22,0:0:38,2,FEN_Positionnement,C:\Mes Projets\Ascenssion\FEN_Positionnement.wdw
,07/21/09,21:29:22,21:29:33,0:0:11,2,FEN_Meta,C:\Mes Projets\Ascenssion\FEN_Meta.wdw
,07/21/09,21:30:42,21:36:05,0:5:23,2,FEN_Meta,C:\Mes Projets\Ascenssion\FEN_Meta.wdw
,07/21/09,21:40:02,21:40:22,0:0:20,2,FEN_Administration,C:\Mes Projets\Ascenssion\FEN_Administration.wdw
,07/21/09,21:40:36,21:46:25,0:5:49,2,FEN_Administration,C:\Mes Projets\Ascenssion\FEN_Administration.wdw
,07/21/09,21:49:32,22:18:18,0:28:46,2,FEN_Meta,C:\Mes Projets\Ascenssion\FEN_Meta.wdw
,07/21/09,22:26:29,22:26:46,0:0:17,2,FEN_Meta,C:\Mes Projets\Ascenssion\FEN_Meta.wdw
,07/21/09,22:27:03,22:38:20,0:11:17,2,FEN_Meta,C:\Mes Projets\Ascenssion\FEN_Meta.wdw
,07/21/09,20:04:18,22:38:20,2:34:2,2,Fen_Parametrage,C:\Mes Projets\Ascenssion\Fen_Parametrage.wdw
,07/21/09,20:04:18,22:38:20,2:34:2,2,Fen_APropos,C:\Mes Projets\Ascenssion\Fen_APropos.wdw
,07/21/09,20:04:16,22:38:20,2:34:4,2,FEN_Positionnement,C:\Mes Projets\Ascenssion\FEN_Positionnement.wdw
,07/21/09,20:04:16,22:38:20,2:34:4,2,FEN_Menu,C:\Mes Projets\Ascenssion\FEN_Menu.wdw
,07/21/09,20:04:17,22:38:20,2:34:3,4,C_Site,C:\Mes Projets\Ascenssion\C_Site.wdc
,07/21/09,21:23:47,22:38:20,1:14:33,2,FEN_Meta,C:\Mes Projets\Ascenssion\FEN_Meta.wdw
,07/21/09,20:04:17,22:38:20,2:34:3,5,FEN_Administration_1$Requête,(null)
,07/21/09,20:04:17,22:38:20,2:34:3,5,FEN_Administration_2$Requête,(null)
,07/21/09,20:04:17,22:38:20,2:34:3,2,FEN_Administration,C:\Mes Projets\Ascenssion\FEN_Administration.wdw
,07/21/09,20:04:16,22:38:20,2:34:4,7,Procedures globales de test,C:\Mes Projets\Ascenssion\Procedures globales de test.wdg
,07/21/09,22:19:55,22:38:20,0:18:25,7,html,C:\Mes Projets\Ascenssion\html.wdg
,07/21/09,20:04:16,22:38:20,2:34:4,1,Ascenssion,C:\Mes Projets\Ascenssion\Ascenssion.WDP
,07/24/09,19:17:36,02:53:41,7:36:5,2,Fen_Parametrage,C:\Mes Projets\Ascenssion\Fen_Parametrage.wdw
,07/24/09,19:17:37,02:53:41,7:36:4,2,Fen_APropos,C:\Mes Projets\Ascenssion\Fen_APropos.wdw
,07/24/09,19:17:38,02:53:41,7:36:3,2,FEN_Meta,C:\Mes Projets\Ascenssion\FEN_Meta.wdw
,07/24/09,19:17:35,02:53:41,7:36:6,2,FEN_Positionnement,C:\Mes Projets\Ascenssion\FEN_Positionnement.wdw
,07/24/09,19:17:35,02:53:41,7:36:6,2,FEN_Menu,C:\Mes Projets\Ascenssion\FEN_Menu.wdw
,07/24/09,19:17:35,02:53:41,7:36:6,7,Procedures globales de test,C:\Mes Projets\Ascenssion\Procedures globales de test.wdg
,07/24/09,19:17:35,02:53:41,7:36:6,4,C_Site,C:\Mes Projets\Ascenssion\C_Site.wdc
,07/24/09,19:17:35,02:53:41,7:36:6,2,FEN_Meta,C:\Mes Projets\Ascenssion\FEN_Meta.wdw
,07/24/09,19:17:36,02:53:41,7:36:5,5,FEN_Administration_1$Requête,(null)
,07/24/09,19:17:36,02:53:41,7:36:5,5,FEN_Administration_2$Requête,(null)
,07/24/09,19:17:35,02:53:41,7:36:6,2,FEN_Administration,C:\Mes Projets\Ascenssion\FEN_Administration.wdw
,07/24/09,19:17:34,02:53:41,7:36:7,7,html,C:\Mes Projets\Ascenssion\html.wdg
,07/24/09,19:17:34,02:53:41,7:36:7,1,Ascenssion,C:\Mes Projets\Ascenssion\Ascenssion.WDP
,07/25/09,10:06:23,00:49:15,14:42:52,2,Fen_Parametrage,C:\Mes Projets\Ascenssion\Fen_Parametrage.wdw
,07/25/09,10:06:23,00:49:15,14:42:52,2,Fen_APropos,C:\Mes Projets\Ascenssion\Fen_APropos.wdw
,07/25/09,10:06:25,00:49:15,14:42:50,2,FEN_Meta,C:\Mes Projets\Ascenssion\FEN_Meta.wdw
,07/25/09,10:06:21,00:49:15,14:42:54,2,FEN_Positionnement,C:\Mes Projets\Ascenssion\FEN_Positionnement.wdw
,07/25/09,10:06:21,00:49:15,14:42:54,2,FEN_Menu,C:\Mes Projets\Ascenssion\FEN_Menu.wdw
,07/25/09,10:06:21,00:49:15,14:42:54,7,Procedures globales de test,C:\Mes Projets\Ascenssion\Procedures globales de test.wdg
,07/25/09,10:06:21,00:49:15,14:42:54,4,C_Site,C:\Mes Projets\Ascenssion\C_Site.wdc
,07/25/09,10:06:21,00:49:15,14:42:54,2,FEN_Meta,C:\Mes Projets\Ascenssion\FEN_Meta.wdw
,07/25/09,10:06:22,00:49:15,14:42:53,5,FEN_Administration_1$Requête,(null)
,07/25/09,10:06:22,00:49:15,14:42:53,5,FEN_Administration_2$Requête,(null)
,07/25/09,10:06:21,00:49:15,14:42:54,2,FEN_Administration,C:\Mes Projets\Ascenssion\FEN_Administration.wdw
,07/25/09,10:06:21,00:49:15,14:42:54,7,html,C:\Mes Projets\Ascenssion\html.wdg
,07/25/09,10:06:20,00:49:15,14:42:55,1,Ascenssion,C:\Mes Projets\Ascenssion\Ascenssion.WDP
,07/26/09,09:49:56,10:18:00,0:28:4,2,Fen_Parametrage,C:\Mes Projets\Ascenssion\Fen_Parametrage.wdw
,07/26/09,09:49:56,10:18:00,0:28:4,2,Fen_APropos,C:\Mes Projets\Ascenssion\Fen_APropos.wdw
,07/26/09,09:49:59,10:18:00,0:28:1,2,FEN_Meta,C:\Mes Projets\Ascenssion\FEN_Meta.wdw
,07/26/09,09:49:53,10:18:00,0:28:7,2,FEN_Positionnement,C:\Mes Projets\Ascenssion\FEN_Positionnement.wdw
,07/26/09,09:49:53,10:18:00,0:28:7,2,FEN_Menu,C:\Mes Projets\Ascenssion\FEN_Menu.wdw
,07/26/09,09:49:53,10:18:00,0:28:7,7,Procedures globales de test,C:\Mes Projets\Ascenssion\Procedures globales de test.wdg
,07/26/09,09:49:53,10:18:00,0:28:7,4,C_Site,C:\Mes Projets\Ascenssion\C_Site.wdc
,07/26/09,09:49:54,10:18:00,0:28:6,2,FEN_Meta,C:\Mes Projets\Ascenssion\FEN_Meta.wdw
,07/26/09,09:49:55,10:18:00,0:28:5,5,FEN_Administration_1$Requête,(null)
,07/26/09,09:49:55,10:18:00,0:28:5,5,FEN_Administration_2$Requête,(null)
,07/26/09,09:49:54,10:18:00,0:28:6,2,FEN_Administration,C:\Mes Projets\Ascenssion\FEN_Administration.wdw
,07/26/09,09:49:52,10:18:00,0:28:8,7,html,C:\Mes Projets\Ascenssion\html.wdg
,07/26/09,09:49:48,10:18:01,0:28:13,1,Ascenssion,C:\Mes Projets\Ascenssion\Ascenssion.WDP
,07/26/09,10:21:17,12:55:44,2:34:27,2,FEN_Meta,C:\Mes Projets\Ascenssion\FEN_Meta.wdw
,07/26/09,13:15:36,13:15:57,0:0:21,2,FEN_Meta,C:\Mes Projets\Ascenssion\FEN_Meta.wdw
,07/26/09,13:26:25,13:26:39,0:0:14,2,FEN_Meta,C:\Mes Projets\Ascenssion\FEN_Meta.wdw
,07/26/09,13:28:51,13:29:08,0:0:17,2,FEN_Meta,C:\Mes Projets\Ascenssion\FEN_Meta.wdw
,07/26/09,13:37:11,13:37:30,0:0:19,2,FEN_Meta,C:\Mes Projets\Ascenssion\FEN_Meta.wdw
,07/26/09,13:38:30,13:38:56,0:0:26,2,FEN_Meta,C:\Mes Projets\Ascenssion\FEN_Meta.wdw
,07/26/09,13:42:40,13:42:58,0:0:18,2,FEN_Meta,C:\Mes Projets\Ascenssion\FEN_Meta.wdw
,07/26/09,13:45:28,13:45:40,0:0:12,2,FEN_Meta,C:\Mes Projets\Ascenssion\FEN_Meta.wdw
,07/26/09,13:46:42,13:50:32,0:3:50,2,FEN_Meta,C:\Mes Projets\Ascenssion\FEN_Meta.wdw
,07/26/09,13:51:05,13:51:30,0:0:25,2,FEN_Meta,C:\Mes Projets\Ascenssion\FEN_Meta.wdw
,07/26/09,16:49:43,16:53:06,0:3:23,2,FEN_Meta,C:\Mes Projets\Ascenssion\FEN_Meta.wdw
,07/26/09,17:02:04,17:21:50,0:19:46,2,FEN_Meta,C:\Mes Projets\Ascenssion\FEN_Meta.wdw
,07/26/09,17:30:18,17:30:29,0:0:11,2,FEN_Meta,C:\Mes Projets\Ascenssion\FEN_Meta.wdw
,07/26/09,17:36:21,17:43:27,0:7:6,2,FEN_Meta,C:\Mes Projets\Ascenssion\FEN_Meta.wdw
,07/26/09,17:46:32,18:12:35,0:26:3,2,FEN_Meta,C:\Mes Projets\Ascenssion\FEN_Meta.wdw
,07/26/09,18:18:06,18:18:36,0:0:30,2,FEN_Meta,C:\Mes Projets\Ascenssion\FEN_Meta.wdw
,07/26/09,10:21:08,18:20:25,7:59:17,4,C_Site,C:\Mes Projets\Ascenssion\C_Site.wdc
,07/26/09,18:46:54,18:47:15,0:0:21,2,FEN_Meta,C:\Mes Projets\Ascenssion\FEN_Meta.wdw
,07/26/09,10:21:13,18:47:16,8:26:3,2,Fen_APropos,C:\Mes Projets\Ascenssion\Fen_APropos.wdw
,07/26/09,10:21:13,19:04:27,8:43:14,2,Fen_Parametrage,C:\Mes Projets\Ascenssion\Fen_Parametrage.wdw
,07/26/09,10:21:07,19:04:27,8:43:20,2,FEN_Positionnement,C:\Mes Projets\Ascenssion\FEN_Positionnement.wdw
,07/26/09,10:21:08,19:04:27,8:43:19,2,FEN_Menu,C:\Mes Projets\Ascenssion\FEN_Menu.wdw
,07/26/09,10:21:08,19:04:27,8:43:19,7,Procedures globales de test,C:\Mes Projets\Ascenssion\Procedures globales de test.wdg
,07/26/09,10:21:10,19:04:27,8:43:17,5,FEN_Administration_1$Requête,(null)
,07/26/09,10:21:10,19:04:27,8:43:17,5,FEN_Administration_2$Requête,(null)
,07/26/09,10:21:09,19:04:27,8:43:18,2,FEN_Administration,C:\Mes Projets\Ascenssion\FEN_Administration.wdw
,07/26/09,10:21:09,19:04:27,8:43:18,2,FEN_Meta,C:\Mes Projets\Ascenssion\FEN_Meta.wdw
,07/26/09,10:21:06,19:04:27,8:43:21,7,html,C:\Mes Projets\Ascenssion\html.wdg
,07/26/09,18:20:26,19:04:27,0:44:1,4,C_Site,C:\Mes Projets\Ascenssion\C_Site.wdc
,07/26/09,10:21:01,19:04:27,8:43:26,1,Ascenssion,C:\Mes Projets\Ascenssion\Ascenssion.WDP
,07/26/09,22:11:20,22:17:48,0:6:28,2,Fen_Parametrage,C:\Mes Projets\Ascenssion\Fen_Parametrage.wdw
,07/26/09,22:11:18,22:17:48,0:6:30,2,FEN_Positionnement,C:\Mes Projets\Ascenssion\FEN_Positionnement.wdw
,07/26/09,22:11:18,22:17:48,0:6:30,2,FEN_Menu,C:\Mes Projets\Ascenssion\FEN_Menu.wdw
,07/26/09,22:11:18,22:17:48,0:6:30,7,Procedures globales de test,C:\Mes Projets\Ascenssion\Procedures globales de test.wdg
,07/26/09,22:11:19,22:17:48,0:6:29,5,FEN_Administration_1$Requête,(null)
,07/26/09,22:11:19,22:17:48,0:6:29,5,FEN_Administration_2$Requête,(null)
,07/26/09,22:11:18,22:17:48,0:6:30,2,FEN_Administration,C:\Mes Projets\Ascenssion\FEN_Administration.wdw
,07/26/09,22:11:18,22:17:48,0:6:30,4,C_Site,C:\Mes Projets\Ascenssion\C_Site.wdc
,07/26/09,22:11:18,22:17:48,0:6:30,2,FEN_Meta,C:\Mes Projets\Ascenssion\FEN_Meta.wdw
,07/26/09,22:11:18,22:17:48,0:6:30,7,html,C:\Mes Projets\Ascenssion\html.wdg
,07/26/09,22:11:18,22:17:48,0:6:30,1,Ascenssion,C:\Mes Projets\Ascenssion\Ascenssion.WDP
,08/03/09,20:56:05,22:30:24,1:34:19,2,FEN_Meta,C:\Mes Projets\Ascenssion\FEN_Meta.wdw
,08/03/09,20:43:12,22:30:24,1:47:12,2,Fen_Parametrage,C:\Mes Projets\Ascenssion\Fen_Parametrage.wdw
,08/03/09,20:43:08,22:30:24,1:47:16,2,FEN_Positionnement,C:\Mes Projets\Ascenssion\FEN_Positionnement.wdw
,08/03/09,20:43:09,22:30:24,1:47:15,2,FEN_Menu,C:\Mes Projets\Ascenssion\FEN_Menu.wdw
,08/03/09,20:43:10,22:30:24,1:47:14,7,Procedures globales de test,C:\Mes Projets\Ascenssion\Procedures globales de test.wdg
,08/03/09,20:43:11,22:30:24,1:47:13,5,FEN_Administration_1$Requête,(null)
,08/03/09,20:43:11,22:30:24,1:47:13,5,FEN_Administration_2$Requête,(null)
,08/03/09,20:43:10,22:30:24,1:47:14,2,FEN_Administration,C:\Mes Projets\Ascenssion\FEN_Administration.wdw
,08/03/09,20:43:11,22:30:24,1:47:13,4,C_Site,C:\Mes Projets\Ascenssion\C_Site.wdc
,08/03/09,20:43:11,22:30:24,1:47:13,2,FEN_Meta,C:\Mes Projets\Ascenssion\FEN_Meta.wdw
,08/03/09,20:43:08,22:30:24,1:47:16,7,html,C:\Mes Projets\Ascenssion\html.wdg
,08/03/09,20:43:06,22:30:24,1:47:18,1,Ascenssion,C:\Mes Projets\Ascenssion\Ascenssion.WDP
,08/04/09,17:19:27,00:47:38,7:28:11,2,Fen_Parametrage,C:\Mes Projets\Ascenssion\Fen_Parametrage.wdw
,08/04/09,17:19:29,00:47:38,7:28:9,2,FEN_Meta,C:\Mes Projets\Ascenssion\FEN_Meta.wdw
,08/04/09,17:19:26,00:47:38,7:28:12,2,FEN_Positionnement,C:\Mes Projets\Ascenssion\FEN_Positionnement.wdw
,08/04/09,17:19:26,00:47:38,7:28:12,2,FEN_Menu,C:\Mes Projets\Ascenssion\FEN_Menu.wdw
,08/04/09,17:19:26,00:47:38,7:28:12,7,Procedures globales de test,C:\Mes Projets\Ascenssion\Procedures globales de test.wdg
,08/04/09,17:19:27,00:47:38,7:28:11,5,FEN_Administration_1$Requête,(null)
,08/04/09,17:19:27,00:47:38,7:28:11,5,FEN_Administration_2$Requête,(null)
,08/04/09,17:19:26,00:47:38,7:28:12,2,FEN_Administration,C:\Mes Projets\Ascenssion\FEN_Administration.wdw
,08/04/09,17:19:26,00:47:38,7:28:12,4,C_Site,C:\Mes Projets\Ascenssion\C_Site.wdc
,08/04/09,17:19:26,00:47:38,7:28:12,2,FEN_Meta,C:\Mes Projets\Ascenssion\FEN_Meta.wdw
,08/04/09,17:19:26,00:47:38,7:28:12,7,html,C:\Mes Projets\Ascenssion\html.wdg
,08/04/09,17:19:25,00:47:38,7:28:13,1,Ascenssion,C:\Mes Projets\Ascenssion\Ascenssion.WDP
,08/05/09,19:46:07,19:47:25,0:1:18,2,FEN_Meta,C:\Mes Projets\Ascenssion\FEN_Meta.wdw
,08/05/09,21:55:24,21:57:08,0:1:44,2,FEN_Meta,C:\Mes Projets\Ascenssion\FEN_Meta.wdw
,08/05/09,21:57:41,21:58:05,0:0:24,2,FEN_Meta,C:\Mes Projets\Ascenssion\FEN_Meta.wdw
,08/05/09,21:58:05,21:58:27,0:0:22,2,FEN_Positionnement,C:\Mes Projets\Ascenssion\FEN_Positionnement.wdw
,08/05/09,21:58:27,21:59:00,0:0:33,2,FEN_Meta,C:\Mes Projets\Ascenssion\FEN_Meta.wdw
,08/05/09,21:59:59,22:01:53,0:1:54,2,FEN_Meta,C:\Mes Projets\Ascenssion\FEN_Meta.wdw
,08/05/09,22:02:08,22:04:44,0:2:36,2,FEN_Meta,C:\Mes Projets\Ascenssion\FEN_Meta.wdw
,08/05/09,22:07:22,22:07:44,0:0:22,2,FEN_Meta,C:\Mes Projets\Ascenssion\FEN_Meta.wdw
,08/05/09,19:46:04,22:49:36,3:3:32,4,C_Site,C:\Mes Projets\Ascenssion\C_Site.wdc
,08/05/09,22:04:44,22:50:17,0:45:33,4,C_Page,C:\Mes Projets\Ascenssion\C_Page.wdc
,08/05/09,19:46:05,23:01:54,3:15:49,2,Fen_Parametrage,C:\Mes Projets\Ascenssion\Fen_Parametrage.wdw
,08/05/09,19:46:04,23:01:54,3:15:50,2,FEN_Meta,C:\Mes Projets\Ascenssion\FEN_Meta.wdw
,08/05/09,19:46:03,23:01:54,3:15:51,2,FEN_Positionnement,C:\Mes Projets\Ascenssion\FEN_Positionnement.wdw
,08/05/09,19:46:03,23:01:54,3:15:51,2,FEN_Menu,C:\Mes Projets\Ascenssion\FEN_Menu.wdw
,08/05/09,19:46:03,23:01:54,3:15:51,7,Procedures globales de test,C:\Mes Projets\Ascenssion\Procedures globales de test.wdg
,08/05/09,19:46:04,23:01:54,3:15:50,5,FEN_Administration_1$Requête,(null)
,08/05/09,19:46:04,23:01:54,3:15:50,5,FEN_Administration_2$Requête,(null)
,08/05/09,19:46:04,23:01:54,3:15:50,2,FEN_Administration,C:\Mes Projets\Ascenssion\FEN_Administration.wdw
,08/05/09,19:46:03,23:01:54,3:15:51,7,html,C:\Mes Projets\Ascenssion\html.wdg
,08/05/09,22:22:32,23:01:54,0:39:22,4,C_MotClef,C:\Mes Projets\Ascenssion\C_MotClef.wdc
,08/05/09,22:50:12,23:01:54,0:11:42,4,C_Site,C:\Mes Projets\Ascenssion\C_Site.wdc
,08/05/09,22:50:17,23:01:54,0:11:37,4,C_Page,C:\Mes Projets\Ascenssion\C_Page.wdc
,08/05/09,19:46:03,23:01:54,3:15:51,1,Ascenssion,C:\Mes Projets\Ascenssion\Ascenssion.WDP
,08/06/09,19:46:13,19:54:12,0:7:59,4,C_MotClef,C:\Mes Projets\Ascenssion\C_MotClef.wdc
,08/06/09,19:54:12,21:03:22,1:9:10,4,C_Site,C:\Mes Projets\Ascenssion\C_Site.wdc
,08/06/09,19:54:12,21:03:22,1:9:10,4,C_MotClef,C:\Mes Projets\Ascenssion\C_MotClef.wdc
,08/06/09,21:31:30,21:36:29,0:4:59,2,FEN_Meta,C:\Mes Projets\Ascenssion\FEN_Meta.wdw
,08/06/09,21:39:21,21:52:46,0:13:25,2,FEN_Meta,C:\Mes Projets\Ascenssion\FEN_Meta.wdw
,08/06/09,22:03:53,22:04:05,0:0:12,2,FEN_Meta,C:\Mes Projets\Ascenssion\FEN_Meta.wdw
,08/06/09,22:04:06,22:04:34,0:0:28,2,FEN_Positionnement,C:\Mes Projets\Ascenssion\FEN_Positionnement.wdw
,08/06/09,22:04:34,22:04:44,0:0:10,2,FEN_Meta,C:\Mes Projets\Ascenssion\FEN_Meta.wdw
,08/06/09,22:05:07,22:07:03,0:1:56,2,FEN_Meta,C:\Mes Projets\Ascenssion\FEN_Meta.wdw
,08/06/09,22:08:08,22:08:23,0:0:15,2,FEN_Positionnement,C:\Mes Projets\Ascenssion\FEN_Positionnement.wdw
,08/06/09,22:09:31,22:09:42,0:0:11,2,FEN_Positionnement,C:\Mes Projets\Ascenssion\FEN_Positionnement.wdw
,08/06/09,22:12:11,22:13:01,0:0:50,2,FEN_Meta,C:\Mes Projets\Ascenssion\FEN_Meta.wdw
,08/06/09,22:17:43,22:18:21,0:0:38,2,FEN_Meta,C:\Mes Projets\Ascenssion\FEN_Meta.wdw
,08/06/09,22:18:48,22:21:45,0:2:57,2,FEN_Meta,C:\Mes Projets\Ascenssion\FEN_Meta.wdw
,08/06/09,22:24:04,22:24:36,0:0:32,2,FEN_Meta,C:\Mes Projets\Ascenssion\FEN_Meta.wdw
,08/06/09,22:33:46,23:01:31,0:27:45,2,FEN_Meta,C:\Mes Projets\Ascenssion\FEN_Meta.wdw
,08/06/09,23:03:02,23:07:15,0:4:13,2,FEN_Meta,C:\Mes Projets\Ascenssion\FEN_Meta.wdw
,08/06/09,23:08:55,23:10:52,0:1:57,2,FEN_Meta,C:\Mes Projets\Ascenssion\FEN_Meta.wdw
,08/06/09,23:33:53,23:34:22,0:0:29,2,FEN_Meta,C:\Mes Projets\Ascenssion\FEN_Meta.wdw
,08/06/09,23:43:43,23:44:38,0:0:55,2,FEN_Meta,C:\Mes Projets\Ascenssion\FEN_Meta.wdw
,08/06/09,19:46:15,23:46:42,4:0:27,2,Fen_Parametrage,C:\Mes Projets\Ascenssion\Fen_Parametrage.wdw
,08/06/09,19:46:12,23:46:42,4:0:30,2,FEN_Positionnement,C:\Mes Projets\Ascenssion\FEN_Positionnement.wdw
,08/06/09,19:46:13,23:46:42,4:0:29,2,FEN_Menu,C:\Mes Projets\Ascenssion\FEN_Menu.wdw
,08/06/09,19:46:13,23:46:42,4:0:29,7,Procedures globales de test,C:\Mes Projets\Ascenssion\Procedures globales de test.wdg
,08/06/09,19:46:14,23:46:42,4:0:28,5,FEN_Administration_1$Requête,(null)
,08/06/09,19:46:14,23:46:42,4:0:28,5,FEN_Administration_2$Requête,(null)
,08/06/09,19:46:13,23:46:42,4:0:29,2,FEN_Administration,C:\Mes Projets\Ascenssion\FEN_Administration.wdw
,08/06/09,19:46:16,23:46:43,4:0:27,2,FEN_Meta,C:\Mes Projets\Ascenssion\FEN_Meta.wdw
,08/06/09,19:46:12,23:46:43,4:0:31,7,html,C:\Mes Projets\Ascenssion\html.wdg
,08/06/09,19:54:27,23:46:43,3:52:16,4,C_Positionnement,C:\Mes Projets\Ascenssion\C_Positionnement.wdc
,08/06/09,21:13:06,23:46:43,2:33:37,4,C_MotClef,C:\Mes Projets\Ascenssion\C_MotClef.wdc
,08/06/09,21:23:43,23:46:43,2:23:0,4,C_Page,C:\Mes Projets\Ascenssion\C_Page.wdc
,08/06/09,21:28:16,23:46:43,2:18:27,4,C_Site,C:\Mes Projets\Ascenssion\C_Site.wdc
,08/06/09,19:46:10,23:46:43,4:0:33,1,Ascenssion,C:\Mes Projets\Ascenssion\Ascenssion.WDP
,08/07/09,19:42:42,19:43:53,0:1:11,2,FEN_Meta,C:\Mes Projets\Ascenssion\FEN_Meta.wdw
,08/07/09,19:40:42,19:44:03,0:3:21,7,html,C:\Mes Projets\Ascenssion\html.wdg
,08/07/09,19:44:04,00:13:14,4:29:10,7,html,C:\Mes Projets\Ascenssion\html.wdg
,08/07/09,19:40:44,00:25:24,4:44:40,2,Fen_Parametrage,C:\Mes Projets\Ascenssion\Fen_Parametrage.wdw
,08/07/09,19:40:43,00:25:24,4:44:41,2,FEN_Positionnement,C:\Mes Projets\Ascenssion\FEN_Positionnement.wdw
,08/07/09,19:40:43,00:25:24,4:44:41,2,FEN_Menu,C:\Mes Projets\Ascenssion\FEN_Menu.wdw
,08/07/09,19:40:43,00:25:24,4:44:41,7,Procedures globales de test,C:\Mes Projets\Ascenssion\Procedures globales de test.wdg
,08/07/09,19:40:43,00:25:24,4:44:41,5,FEN_Administration_1$Requête,(null)
,08/07/09,19:40:43,00:25:24,4:44:41,5,FEN_Administration_2$Requête,(null)
,08/07/09,19:40:43,00:25:24,4:44:41,2,FEN_Administration,C:\Mes Projets\Ascenssion\FEN_Administration.wdw
,08/07/09,19:40:43,00:25:24,4:44:41,2,FEN_Meta,C:\Mes Projets\Ascenssion\FEN_Meta.wdw
,08/07/09,19:40:42,00:25:24,4:44:42,1,Ascenssion,C:\Mes Projets\Ascenssion\Ascenssion.WDP
,08/16/09,15:14:57,22:40:32,7:25:35,2,Fen_Parametrage,C:\Mes Projets\Ascenssion\Fen_Parametrage.wdw
,08/16/09,15:14:54,22:40:32,7:25:38,2,FEN_Positionnement,C:\Mes Projets\Ascenssion\FEN_Positionnement.wdw
,08/16/09,15:14:54,22:40:32,7:25:38,2,FEN_Menu,C:\Mes Projets\Ascenssion\FEN_Menu.wdw
,08/16/09,15:14:54,22:40:32,7:25:38,7,Procedures globales de test,C:\Mes Projets\Ascenssion\Procedures globales de test.wdg
,08/16/09,15:14:55,22:40:32,7:25:37,5,FEN_Administration_1$Requête,(null)
,08/16/09,15:14:55,22:40:32,7:25:37,5,FEN_Administration_2$Requête,(null)
,08/16/09,15:14:54,22:40:32,7:25:38,2,FEN_Administration,C:\Mes Projets\Ascenssion\FEN_Administration.wdw
,08/16/09,15:14:55,22:40:32,7:25:37,2,FEN_Meta,C:\Mes Projets\Ascenssion\FEN_Meta.wdw
,08/16/09,15:14:53,22:40:32,7:25:39,7,html,C:\Mes Projets\Ascenssion\html.wdg
,08/16/09,15:14:52,22:40:32,7:25:40,1,Ascenssion,C:\Mes Projets\Ascenssion\Ascenssion.WDP
,09/08/09,20:17:00,23:59:59,3:42:59,2,Fen_Parametrage,C:\Mes Projets\Ascenssion\Fen_Parametrage.wdw
,09/08/09,20:16:58,23:59:59,3:43:1,2,FEN_Positionnement,C:\Mes Projets\Ascenssion\FEN_Positionnement.wdw
,09/08/09,20:16:58,23:59:59,3:43:1,2,FEN_Menu,C:\Mes Projets\Ascenssion\FEN_Menu.wdw
,09/08/09,20:16:59,23:59:59,3:43:0,7,Procedures globales de test,C:\Mes Projets\Ascenssion\Procedures globales de test.wdg
,09/08/09,20:17:00,23:59:59,3:42:59,5,FEN_Administration_1$Requête,(null)
,09/08/09,20:17:00,23:59:59,3:42:59,5,FEN_Administration_2$Requête,(null)
,09/08/09,20:16:59,23:59:59,3:43:0,2,FEN_Administration,C:\Mes Projets\Ascenssion\FEN_Administration.wdw
,09/08/09,20:16:59,23:59:59,3:43:0,2,FEN_Meta,C:\Mes Projets\Ascenssion\FEN_Meta.wdw
,09/08/09,20:16:58,23:59:59,3:43:1,7,html,C:\Mes Projets\Ascenssion\html.wdg
,09/08/09,20:16:57,23:59:59,3:43:2,1,Ascenssion,C:\Mes Projets\Ascenssion\Ascenssion.WDP
,09/09/09,21:38:15,21:39:20,0:1:5,2,FEN_Administration,C:\Mes Projets\Ascenssion\FEN_Administration.wdw
,09/09/09,21:39:56,21:46:41,0:6:45,2,FEN_Administration,C:\Mes Projets\Ascenssion\FEN_Administration.wdw
,09/09/09,21:48:28,21:52:59,0:4:31,2,Fen_Parametrage,C:\Mes Projets\Ascenssion\Fen_Parametrage.wdw
,09/09/09,21:53:00,21:55:54,0:2:54,2,Fen_Parametrage,C:\Mes Projets\Ascenssion\Fen_Parametrage.wdw
,09/09/09,21:55:56,22:04:50,0:8:54,2,FEN_Menu,C:\Mes Projets\Ascenssion\FEN_Menu.wdw
,09/09/09,20:23:32,22:47:54,2:24:22,2,Fen_Parametrage,C:\Mes Projets\Ascenssion\Fen_Parametrage.wdw
,09/09/09,20:23:29,22:47:54,2:24:25,2,FEN_Positionnement,C:\Mes Projets\Ascenssion\FEN_Positionnement.wdw
,09/09/09,20:23:30,22:47:54,2:24:24,2,FEN_Menu,C:\Mes Projets\Ascenssion\FEN_Menu.wdw
,09/09/09,20:23:31,22:47:54,2:24:23,5,FEN_Administration_1$Requête,(null)
,09/09/09,20:23:31,22:47:54,2:24:23,5,FEN_Administration_2$Requête,(null)
,09/09/09,20:23:30,22:47:54,2:24:24,2,FEN_Administration,C:\Mes Projets\Ascenssion\FEN_Administration.wdw
,09/09/09,20:23:30,22:47:54,2:24:24,2,FEN_Meta,C:\Mes Projets\Ascenssion\FEN_Meta.wdw
,09/09/09,20:23:29,22:47:54,2:24:25,7,html,C:\Mes Projets\Ascenssion\html.wdg
,09/09/09,20:23:30,22:47:54,2:24:24,7,Procedures globales de test,C:\Mes Projets\Ascenssion\Procedures globales de test.wdg
,09/09/09,20:23:28,22:47:54,2:24:26,1,Ascenssion,C:\Mes Projets\Ascenssion\Ascenssion.WDP
,09/14/09,23:18:52,23:19:02,0:0:10,2,FEN_Meta,C:\Mes Projets\Ascenssion\FEN_Meta.wdw
,09/14/09,23:05:49,01:23:46,2:17:57,2,Fen_Parametrage,C:\Mes Projets\Ascenssion\Fen_Parametrage.wdw
,09/14/09,23:05:47,01:23:46,2:17:59,2,FEN_Positionnement,C:\Mes Projets\Ascenssion\FEN_Positionnement.wdw
,09/14/09,23:05:48,01:23:46,2:17:58,2,FEN_Menu,C:\Mes Projets\Ascenssion\FEN_Menu.wdw
,09/14/09,23:05:48,01:23:46,2:17:58,7,Procedures globales de test,C:\Mes Projets\Ascenssion\Procedures globales de test.wdg
,09/14/09,23:05:49,01:23:46,2:17:57,5,FEN_Administration_1$Requête,(null)
,09/14/09,23:05:49,01:23:46,2:17:57,5,FEN_Administration_2$Requête,(null)
,09/14/09,23:05:48,01:23:46,2:17:58,2,FEN_Administration,C:\Mes Projets\Ascenssion\FEN_Administration.wdw
,09/14/09,23:05:48,01:23:46,2:17:58,2,FEN_Meta,C:\Mes Projets\Ascenssion\FEN_Meta.wdw
,09/14/09,23:05:47,01:23:46,2:17:59,7,html,C:\Mes Projets\Ascenssion\html.wdg
,09/14/09,23:05:46,01:23:46,2:18:0,1,Ascenssion,C:\Mes Projets\Ascenssion\Ascenssion.WDP
,09/15/09,20:12:00,00:47:36,4:35:36,2,Fen_Parametrage,C:\Mes Projets\Ascenssion\Fen_Parametrage.wdw
,09/15/09,20:11:56,00:47:36,4:35:40,2,FEN_Positionnement,C:\Mes Projets\Ascenssion\FEN_Positionnement.wdw
,09/15/09,20:11:57,00:47:36,4:35:39,2,FEN_Menu,C:\Mes Projets\Ascenssion\FEN_Menu.wdw
,09/15/09,20:11:57,00:47:36,4:35:39,7,Procedures globales de test,C:\Mes Projets\Ascenssion\Procedures globales de test.wdg
,09/15/09,20:11:58,00:47:36,4:35:38,5,FEN_Administration_1$Requête,(null)
,09/15/09,20:11:58,00:47:36,4:35:38,5,FEN_Administration_2$Requête,(null)
,09/15/09,20:11:57,00:47:36,4:35:39,2,FEN_Administration,C:\Mes Projets\Ascenssion\FEN_Administration.wdw
,09/15/09,20:11:57,00:47:36,4:35:39,2,FEN_Meta,C:\Mes Projets\Ascenssion\FEN_Meta.wdw
,09/15/09,20:11:55,00:47:36,4:35:41,7,html,C:\Mes Projets\Ascenssion\html.wdg
,09/15/09,20:11:53,00:47:36,4:35:43,1,Ascenssion,C:\Mes Projets\Ascenssion\Ascenssion.WDP
,09/20/09,15:21:01,22:01:11,6:40:10,2,Fen_Parametrage,C:\Mes Projets\Ascenssion\Fen_Parametrage.wdw
,09/20/09,15:20:57,22:01:11,6:40:14,2,FEN_Positionnement,C:\Mes Projets\Ascenssion\FEN_Positionnement.wdw
,09/20/09,15:20:57,22:01:11,6:40:14,2,FEN_Menu,C:\Mes Projets\Ascenssion\FEN_Menu.wdw
,09/20/09,15:20:58,22:01:11,6:40:13,7,Procedures globales de test,C:\Mes Projets\Ascenssion\Procedures globales de test.wdg
,09/20/09,15:20:59,22:01:11,6:40:12,5,FEN_Administration_1$Requête,(null)
,09/20/09,15:20:59,22:01:11,6:40:12,5,FEN_Administration_2$Requête,(null)
,09/20/09,15:20:58,22:01:11,6:40:13,2,FEN_Administration,C:\Mes Projets\Ascenssion\FEN_Administration.wdw
,09/20/09,15:20:58,22:01:11,6:40:13,2,FEN_Meta,C:\Mes Projets\Ascenssion\FEN_Meta.wdw
,09/20/09,15:20:56,22:01:11,6:40:15,7,html,C:\Mes Projets\Ascenssion\html.wdg
,09/20/09,15:20:54,22:01:11,6:40:17,1,Ascenssion,C:\Mes Projets\Ascenssion\Ascenssion.WDP
,09/27/09,09:49:58,14:53:10,5:3:12,2,Fen_Parametrage,C:\Mes Projets\Ascenssion\Fen_Parametrage.wdw
,09/27/09,09:49:54,14:53:10,5:3:16,2,FEN_Positionnement,C:\Mes Projets\Ascenssion\FEN_Positionnement.wdw
,09/27/09,09:49:54,14:53:10,5:3:16,2,FEN_Menu,C:\Mes Projets\Ascenssion\FEN_Menu.wdw
,09/27/09,09:49:55,14:53:10,5:3:15,7,Procedures globales de test,C:\Mes Projets\Ascenssion\Procedures globales de test.wdg
,09/27/09,09:49:56,14:53:10,5:3:14,5,FEN_Administration_1$Requête,(null)
,09/27/09,09:49:56,14:53:10,5:3:14,5,FEN_Administration_2$Requête,(null)
,09/27/09,09:49:55,14:53:10,5:3:15,2,FEN_Administration,C:\Mes Projets\Ascenssion\FEN_Administration.wdw
,09/27/09,09:49:56,14:53:10,5:3:14,2,FEN_Meta,C:\Mes Projets\Ascenssion\FEN_Meta.wdw
,09/27/09,09:49:53,14:53:10,5:3:17,7,html,C:\Mes Projets\Ascenssion\html.wdg
,09/27/09,09:49:51,14:53:11,5:3:20,1,Ascenssion,C:\Mes Projets\Ascenssion\Ascenssion.WDP
KF,08/12/10,13:20:46,13:22:25,0:1:39,1,Ascenssion,E:\Perso\Projet\Ascenssion\Ascenssion.WDP
KF,08/12/10,13:22:29,13:28:30,0:6:1,1,Ascenssion,E:\Perso\Projet\Ascenssion\Ascenssion.WDP
KF,08/12/10,13:28:36,13:29:00,0:0:24,2,Fen_APropos,E:\Perso\Projet\Ascenssion\Fen_APropos.wdw
KF,08/12/10,13:20:46,14:41:03,1:20:17,7,html,E:\Perso\Projet\Ascenssion\html.wdg
KF,08/12/10,13:29:00,14:41:03,1:12:3,1,Ascenssion,E:\Perso\Projet\Ascenssion\Ascenssion.WDP
KF,08/12/10,13:20:36,14:41:03,1:20:27,1,Ascenssion,E:\Perso\Projet\Ascenssion\Ascenssion.WDP
